2025-04-04 06:57:36.468422 - Received CBT.V508.FILE264.PDS from FILE264.XMI 
2025-04-04 06:57:36.470812 - Found $$$$READ.txt (text/plain) in CBT.V508.FILE264.PDS, moved to PDS/$$$$READ
2025-04-04 06:57:36.470948 - Found $$$#DATE.txt (text/plain) in CBT.V508.FILE264.PDS, moved to PDS/$$$#DATE
2025-04-04 06:57:36.471109 - Found $$$SUBST.txt (text/plain) in CBT.V508.FILE264.PDS, moved to PDS/$$$SUBST
2025-04-04 06:57:36.471234 - Found $$DOC264.txt (text/plain) in CBT.V508.FILE264.PDS, moved to PDS/$$DOC264
2025-04-04 06:57:36.471354 - Found $$INDEX.txt (text/plain) in CBT.V508.FILE264.PDS, moved to PDS/$$INDEX
2025-04-04 06:57:36.471477 - Found $$NOTE00.txt (text/plain) in CBT.V508.FILE264.PDS, moved to PDS/$$NOTE00
2025-04-04 06:57:36.471615 - Found $$NOTE01.txt (text/plain) in CBT.V508.FILE264.PDS, moved to PDS/$$NOTE01
2025-04-04 06:57:36.471736 - Found $$NOTE02.txt (text/plain) in CBT.V508.FILE264.PDS, moved to PDS/$$NOTE02
2025-04-04 06:57:36.471847 - Found $$NOTE03.txt (text/plain) in CBT.V508.FILE264.PDS, moved to PDS/$$NOTE03
2025-04-04 06:57:36.471958 - Found $$NOTE04.txt (text/plain) in CBT.V508.FILE264.PDS, moved to PDS/$$NOTE04
2025-04-04 06:57:36.472075 - Found $$NOTE05.txt (text/plain) in CBT.V508.FILE264.PDS, moved to PDS/$$NOTE05
2025-04-04 06:57:36.472184 - Found $$NOTE06.txt (text/plain) in CBT.V508.FILE264.PDS, moved to PDS/$$NOTE06
2025-04-04 06:57:36.472295 - Found $$READ$$.txt (text/plain) in CBT.V508.FILE264.PDS, moved to PDS/$$READ$$
2025-04-04 06:57:36.472429 - Found $ASSEMBL.jcl (text/plain) in CBT.V508.FILE264.PDS, moved to PDS/$ASSEMBL
2025-04-04 06:57:36.472545 - Found $BFGMSG.txt (text/plain) in CBT.V508.FILE264.PDS, moved to PDS/$BFGMSG
2025-04-04 06:57:36.472697 - Found $BFGMSGC.txt (text/plain) in CBT.V508.FILE264.PDS, moved to PDS/$BFGMSGC
2025-04-04 06:57:36.472834 - Found $BFGMSGD.txt (text/plain) in CBT.V508.FILE264.PDS, moved to PDS/$BFGMSGD
2025-04-04 06:57:36.472984 - Found $DLOOK.txt (text/plain) in CBT.V508.FILE264.PDS, moved to PDS/$DLOOK
2025-04-04 06:57:36.473101 - Found $IJLOG.jcl (text/plain) in CBT.V508.FILE264.PDS, moved to PDS/$IJLOG
2025-04-04 06:57:36.473216 - Found $ILOOK.jcl (text/plain) in CBT.V508.FILE264.PDS, moved to PDS/$ILOOK
2025-04-04 06:57:36.473330 - Found #DUDASD.txt (text/plain) in CBT.V508.FILE264.PDS, moved to PDS/#DUDASD
2025-04-04 06:57:36.473493 - Found @FILE264.txt (text/plain) in CBT.V508.FILE264.PDS, moved to PDS/@FILE264
2025-04-04 06:57:36.473633 - Found CBBLOBJ.bin (application/octet-stream) in CBT.V508.FILE264.PDS, moved to PDS/CBBLOBJ
2025-04-04 06:57:36.473786 - Found CBBLOBJ1.bin (application/octet-stream) in CBT.V508.FILE264.PDS, moved to PDS/CBBLOBJ1
2025-04-04 06:57:36.473904 - Found CBMACS.txt (text/plain) in CBT.V508.FILE264.PDS, moved to PDS/CBMACS
2025-04-04 06:57:36.474030 - Found CBMACSE.txt (text/plain) in CBT.V508.FILE264.PDS, moved to PDS/CBMACSE
2025-04-04 06:57:36.474142 - Found CBMACSE1.txt (text/plain) in CBT.V508.FILE264.PDS, moved to PDS/CBMACSE1
2025-04-04 06:57:36.474257 - Found CBMACSE2.txt (text/plain) in CBT.V508.FILE264.PDS, moved to PDS/CBMACSE2
2025-04-04 06:57:36.474371 - Found CBMACSE3.txt (text/plain) in CBT.V508.FILE264.PDS, moved to PDS/CBMACSE3
2025-04-04 06:57:36.474480 - Found DUDASD.txt (text/plain) in CBT.V508.FILE264.PDS, moved to PDS/DUDASD
2025-04-04 06:57:36.474591 - Found DUDASD$.jcl (text/plain) in CBT.V508.FILE264.PDS, moved to PDS/DUDASD$
2025-04-04 06:57:36.474705 - Found DUDASD00.jcl (text/plain) in CBT.V508.FILE264.PDS, moved to PDS/DUDASD00
2025-04-04 06:57:36.474824 - Found DUDASD01.txt (text/plain) in CBT.V508.FILE264.PDS, moved to PDS/DUDASD01
2025-04-04 06:57:36.474949 - Found IKJCTLT.txt (text/plain) in CBT.V508.FILE264.PDS, moved to PDS/IKJCTLT
2025-04-04 06:57:36.475070 - Found IKJEFLWC.txt (text/plain) in CBT.V508.FILE264.PDS, moved to PDS/IKJEFLWC
2025-04-04 06:57:36.475185 - Found IKJTPVT.txt (text/plain) in CBT.V508.FILE264.PDS, moved to PDS/IKJTPVT
2025-04-04 06:57:36.475317 - Found JLOG.txt (text/plain) in CBT.V508.FILE264.PDS, moved to PDS/JLOG
2025-04-04 06:57:36.475428 - Found JVDENTER.txt (text/plain) in CBT.V508.FILE264.PDS, moved to PDS/JVDENTER
2025-04-04 06:57:36.475540 - Found JVDEQU.txt (text/plain) in CBT.V508.FILE264.PDS, moved to PDS/JVDEQU
2025-04-04 06:57:36.475650 - Found JVDLEAVE.txt (text/plain) in CBT.V508.FILE264.PDS, moved to PDS/JVDLEAVE
2025-04-04 06:57:36.475762 - Found KEYT.txt (text/plain) in CBT.V508.FILE264.PDS, moved to PDS/KEYT
2025-04-04 06:57:36.475876 - Found KEYVAL.txt (text/plain) in CBT.V508.FILE264.PDS, moved to PDS/KEYVAL
2025-04-04 06:57:36.476062 - Found LOADLIB.xmi (application/xmit) in CBT.V508.FILE264.PDS, moved to PDS/LOADLIB.xmi
2025-04-04 06:57:36.501610 - Received SBGOLOB.FILE264.LINKLIB from LOADLIB.xmi 
2025-04-04 06:57:36.502025 - Found LOOK.bin (application/octet-stream) in SBGOLOB.FILE264.LINKLIB, moved to LOADLIB/LOOK
2025-04-04 06:57:36.502166 - Found LOOKX.bin (application/octet-stream) in SBGOLOB.FILE264.LINKLIB, moved to LOADLIB/LOOKX
2025-04-04 06:57:36.502301 - Found LOOK31.bin (application/octet-stream) in SBGOLOB.FILE264.LINKLIB, moved to LOADLIB/LOOK31
2025-04-04 06:57:36.502428 - Found UKEYCSA.bin (application/octet-stream) in SBGOLOB.FILE264.LINKLIB, moved to LOADLIB/UKEYCSA
2025-04-04 06:57:36.503040 - Found LOOK.txt (text/plain) in CBT.V508.FILE264.PDS, moved to PDS/LOOK
2025-04-04 06:57:36.503173 - Found LOOK$.jcl (text/plain) in CBT.V508.FILE264.PDS, moved to PDS/LOOK$
2025-04-04 06:57:36.503285 - Found LOOK$$.jcl (text/plain) in CBT.V508.FILE264.PDS, moved to PDS/LOOK$$
2025-04-04 06:57:36.503393 - Found LOOK$$$.jcl (text/plain) in CBT.V508.FILE264.PDS, moved to PDS/LOOK$$$
2025-04-04 06:57:36.503508 - Found LOOK$$#.jcl (text/plain) in CBT.V508.FILE264.PDS, moved to PDS/LOOK$$#
2025-04-04 06:57:36.503643 - Found LOOKJ.txt (text/plain) in CBT.V508.FILE264.PDS, moved to PDS/LOOKJ
2025-04-04 06:57:36.503755 - Found LOOKJ$$.jcl (text/plain) in CBT.V508.FILE264.PDS, moved to PDS/LOOKJ$$
2025-04-04 06:57:36.503893 - Found LOOKN.txt (text/plain) in CBT.V508.FILE264.PDS, moved to PDS/LOOKN
2025-04-04 06:57:36.504033 - Found LOOKN1.txt (text/plain) in CBT.V508.FILE264.PDS, moved to PDS/LOOKN1
2025-04-04 06:57:36.504162 - Found LOOK00.txt (text/plain) in CBT.V508.FILE264.PDS, moved to PDS/LOOK00
2025-04-04 06:57:36.504290 - Found LOOK01.txt (text/plain) in CBT.V508.FILE264.PDS, moved to PDS/LOOK01
2025-04-04 06:57:36.504411 - Found LOOK02.txt (text/plain) in CBT.V508.FILE264.PDS, moved to PDS/LOOK02
2025-04-04 06:57:36.504531 - Found LOOK02$.jcl (text/plain) in CBT.V508.FILE264.PDS, moved to PDS/LOOK02$
2025-04-04 06:57:36.504659 - Found LSED.txt (text/plain) in CBT.V508.FILE264.PDS, moved to PDS/LSED
2025-04-04 06:57:36.504783 - Found PROLOGUE.txt (text/plain) in CBT.V508.FILE264.PDS, moved to PDS/PROLOGUE
2025-04-04 06:57:36.504909 - Found REQUATE.txt (text/plain) in CBT.V508.FILE264.PDS, moved to PDS/REQUATE
2025-04-04 06:57:36.505102 - Found SHOWMACS.txt (text/plain) in CBT.V508.FILE264.PDS, moved to PDS/SHOWMACS
2025-04-04 06:57:36.505248 - Found UKEYCSA.txt (text/plain) in CBT.V508.FILE264.PDS, moved to PDS/UKEYCSA
2025-04-04 06:57:36.505360 - Found UKEYCSA$.jcl (text/plain) in CBT.V508.FILE264.PDS, moved to PDS/UKEYCSA$
2025-04-04 06:57:36.505477 - Found UKEYCSA@.txt (text/plain) in CBT.V508.FILE264.PDS, moved to PDS/UKEYCSA@
